0001_0024_0017_0069_0069.jpg 1 24 17 69 69
0002_0020_0026_0063_0063.jpg 1 20 26 63 63
0003_0027_0016_0064_0064.jpg 1 27 16 64 64
0004_0018_0025_0045_0045.jpg 1 18 25 45 45
0005_0039_0009_0055_0055.jpg 1 39 9 55 55
0006_0031_0042_0024_0024.jpg 1 31 42 24 24
0007_0030_0029_0066_0066.jpg 1 30 29 66 66
0008_0041_0049_0029_0029.jpg 1 41 49 29 29
0009_0023_0042_0038_0038.jpg 1 23 42 38 38
0010_0016_0030_0037_0037.jpg 1 16 30 37 37
0011_0022_0015_0024_0024.jpg 1 22 15 24 24
0012_0043_0014_0029_0029.jpg 1 43 14 29 29
0013_0031_0058_0024_0024.jpg 1 31 58 24 24
0014_0005_0006_0069_0069.jpg 1 5 6 69 69
0015_0011_0007_0049_0049.jpg 1 11 7 49 49
0016_0048_0008_0045_0045.jpg 1 48 8 45 45
0017_0032_0010_0061_0061.jpg 1 32 10 61 61
0018_0011_0024_0055_0055.jpg 1 11 24 55 55
0019_0042_0041_0049_0049.jpg 1 42 41 49 49
0020_0010_0005_0043_0043.jpg 1 10 5 43 43
0021_0014_0024_0036_0036.jpg 1 14 24 36 36
0022_0030_0012_0037_0037.jpg 1 30 12 37 37
0023_0010_0014_0069_0069.jpg 1 10 14 69 69
0024_0011_0012_0067_0067.jpg 1 11 12 67 67
0025_0020_0032_0047_0047.jpg 1 20 32 47 47
0026_0038_0024_0055_0055.jpg 1 38 24 55 55
0027_0046_0011_0045_0045.jpg 1 46 11 45 45
0028_0041_0041_0042_0042.jpg 1 41 41 42 42
0029_0039_0029_0047_0047.jpg 1 39 29 47 47
0030_0049_0019_0038_0038.jpg 1 49 19 38 38
0031_0038_0016_0034_0034.jpg 1 38 16 34 34
0032_0024_0030_0034_0034.jpg 1 24 30 34 34
0033_0025_0026_0066_0066.jpg 1 25 26 66 66
0034_0027_0009_0064_0064.jpg 1 27 9 64 64
0035_0017_0009_0043_0043.jpg 1 17 9 43 43
0036_0025_0018_0032_0032.jpg 1 25 18 32 32
0037_0043_0023_0028_0028.jpg 1 43 23 28 28
0038_0051_0037_0037_0037.jpg 1 51 37 37 37
0039_0012_0022_0067_0067.jpg 1 12 22 67 67
0040_0023_0020_0053_0053.jpg 1 23 20 53 53
0041_0009_0004_0067_0067.jpg 1 9 4 67 67
0042_0022_0010_0059_0059.jpg 1 22 10 59 59
0043_0030_0007_0052_0052.jpg 1 30 7 52 52
0044_0014_0019_0062_0062.jpg 1 14 19 62 62
0045_0011_0020_0068_0068.jpg 1 11 20 68 68
0046_0031_0020_0053_0053.jpg 1 31 20 53 53
0047_0016_0037_0028_0028.jpg 1 16 37 28 28
0048_0035_0013_0057_0057.jpg 1 35 13 57 57
0049_0011_0025_0060_0060.jpg 1 11 25 60 60
0050_0024_0010_0065_0065.jpg 1 24 10 65 65
0051_0037_0009_0045_0045.jpg 1 37 9 45 45
0052_0004_0014_0064_0064.jpg 1 4 14 64 64
0053_0036_0006_0056_0056.jpg 1 36 6 56 56
0054_0035_0027_0060_0060.jpg 1 35 27 60 60
0055_0023_0019_0043_0043.jpg 1 23 19 43 43
0056_0041_0037_0053_0053.jpg 1 41 37 53 53
0057_0012_0040_0052_0052.jpg 1 12 40 52 52
0058_0009_0016_0058_0058.jpg 1 9 16 58 58
0059_0037_0051_0028_0028.jpg 1 37 51 28 28
0060_0036_0029_0025_0025.jpg 1 36 29 25 25
0061_0004_0028_0054_0054.jpg 1 4 28 54 54
0062_0052_0038_0024_0024.jpg 1 52 38 24 24
0063_0038_0051_0040_0040.jpg 1 38 51 40 40
0064_0033_0015_0029_0029.jpg 1 33 15 29 29
0065_0010_0024_0043_0043.jpg 1 10 24 43 43
0066_0018_0039_0053_0053.jpg 1 18 39 53 53
0067_0013_0011_0056_0056.jpg 1 13 11 56 56
0068_0010_0013_0035_0035.jpg 1 10 13 35 35
0069_0006_0004_0061_0061.jpg 1 6 4 61 61
0070_0017_0041_0024_0024.jpg 1 17 41 24 24
0071_0041_0024_0049_0049.jpg 1 41 24 49 49
0072_0034_0046_0048_0048.jpg 1 34 46 48 48
0073_0039_0044_0047_0047.jpg 1 39 44 47 47
0074_0008_0019_0063_0063.jpg 1 8 19 63 63
0075_0026_0039_0039_0039.jpg 1 26 39 39 39
0076_0035_0027_0059_0059.jpg 1 35 27 59 59
0077_0005_0011_0051_0051.jpg 1 5 11 51 51
0078_0023_0034_0057_0057.jpg 1 23 34 57 57
0079_0021_0021_0053_0053.jpg 1 21 21 53 53
0080_0014_0009_0068_0068.jpg 1 14 9 68 68
0081_0043_0027_0043_0043.jpg 1 43 27 43 43
0082_0036_0047_0027_0027.jpg 1 36 47 27 27
0083_0025_0010_0040_0040.jpg 1 25 10 40 40
0084_0007_0026_0066_0066.jpg 1 7 26 66 66
0085_0009_0042_0038_0038.jpg 1 9 42 38 38
0086_0035_0010_0058_0058.jpg 1 35 10 58 58
0087_0017_0023_0027_0027.jpg 1 17 23 27 27
0088_0042_0010_0031_0031.jpg 1 42 10 31 31
0089_0008_0026_0068_0068.jpg 1 8 26 68 68
0090_0024_0010_0067_0067.jpg 1 24 10 67 67
0091_0042_0053_0034_0034.jpg 1 42 53 34 34
0092_0046_0052_0036_0036.jpg 1 46 52 36 36
0093_0005_0028_0056_0056.jpg 1 5 28 56 56
0094_0026_0020_0069_0069.jpg 1 26 20 69 69
0095_0020_0013_0063_0063.jpg 1 20 13 63 63
0096_0034_0011_0053_0053.jpg 1 34 11 53 53
0097_0007_0016_0055_0055.jpg 1 7 16 55 55
0098_0008_0023_0049_0049.jpg 1 8 23 49 49
0099_0019_0056_0028_0028.jpg 1 19 56 28 28
0100_0018_0050_0042_0042.jpg 1 18 50 42 42
0101_0005_0032_0059_0059.jpg 1 5 32 59 59
0102_0006_0014_0057_0057.jpg 1 6 14 57 57
0103_0028_0055_0025_0025.jpg 1 28 55 25 25
0104_0021_0021_0061_0061.jpg 1 21 21 61 61
0105_0028_0034_0040_0040.jpg 1 28 34 40 40
0106_0005_0009_0068_0068.jpg 1 5 9 68 68
0107_0031_0008_0036_0036.jpg 1 31 8 36 36
0108_0020_0033_0033_0033.jpg 1 20 33 33 33
0109_0012_0056_0028_0028.jpg 1 12 56 28 28
0110_0016_0033_0031_0031.jpg 1 16 33 31 31
0111_0015_0023_0052_0052.jpg 1 15 23 52 52
0112_0028_0014_0024_0024.jpg 1 28 14 24 24
0113_0016_0023_0050_0050.jpg 1 16 23 50 50
0114_0041_0016_0043_0043.jpg 1 41 16 43 43
0115_0005_0006_0055_0055.jpg 1 5 6 55 55
0116_0018_0050_0037_0037.jpg 1 18 50 37 37
0117_0009_0020_0038_0038.jpg 1 9 20 38 38
0118_0021_0026_0059_0059.jpg 1 21 26 59 59
0119_0013_0009_0068_0068.jpg 1 13 9 68 68
0120_0004_0032_0063_0063.jpg 1 4 32 63 63
0121_0025_0024_0053_0053.jpg 1 25 24 53 53
0122_0015_0034_0048_0048.jpg 1 15 34 48 48
0123_0014_0054_0037_0037.jpg 1 14 54 37 37
0124_0023_0023_0067_0067.jpg 1 23 23 67 67
0125_0022_0010_0054_0054.jpg 1 22 10 54 54
0126_0010_0011_0042_0042.jpg 1 10 11 42 42
0127_0035_0027_0058_0058.jpg 1 35 27 58 58
0128_0026_0030_0065_0065.jpg 1 26 30 65 65
0129_0040_0041_0026_0026.jpg 1 40 41 26 26
0130_0026_0031_0063_0063.jpg 1 26 31 63 63
0131_0008_0024_0046_0046.jpg 1 8 24 46 46
0132_0033_0033_0062_0062.jpg 1 33 33 62 62
0133_0033_0043_0050_0050.jpg 1 33 43 50 50
0134_0041_0007_0031_0031.jpg 1 41 7 31 31
0135_0032_0013_0055_0055.jpg 1 32 13 55 55
0136_0007_0010_0043_0043.jpg 1 7 10 43 43
0137_0041_0047_0043_0043.jpg 1 41 47 43 43
0138_0021_0015_0053_0053.jpg 1 21 15 53 53
0139_0013_0014_0044_0044.jpg 1 13 14 44 44
0140_0017_0021_0067_0067.jpg 1 17 21 67 67
0141_0006_0023_0062_0062.jpg 1 6 23 62 62
0142_0007_0009_0065_0065.jpg 1 7 9 65 65
0143_0034_0027_0046_0046.jpg 1 34 27 46 46
0144_0039_0036_0032_0032.jpg 1 39 36 32 32
0145_0023_0033_0060_0060.jpg 1 23 33 60 60
0146_0043_0059_0030_0030.jpg 1 43 59 30 30
0147_0029_0008_0026_0026.jpg 1 29 8 26 26
0148_0017_0050_0037_0037.jpg 1 17 50 37 37
0149_0019_0005_0068_0068.jpg 1 19 5 68 68
0150_0023_0026_0061_0061.jpg 1 23 26 61 61
0151_0006_0043_0039_0039.jpg 1 6 43 39 39
0152_0016_0022_0041_0041.jpg 1 16 22 41 41
0153_0024_0038_0040_0040.jpg 1 24 38 40 40
0154_0031_0018_0060_0060.jpg 1 31 18 60 60
0155_0033_0031_0062_0062.jpg 1 33 31 62 62
0156_0042_0033_0042_0042.jpg 1 42 33 42 42
0157_0010_0022_0039_0039.jpg 1 10 22 39 39
0158_0008_0029_0058_0058.jpg 1 8 29 58 58
0159_0016_0038_0045_0045.jpg 1 16 38 45 45
0160_0012_0051_0032_0032.jpg 1 12 51 32 32
0161_0039_0040_0055_0055.jpg 1 39 40 55 55
0162_0017_0009_0057_0057.jpg 1 17 9 57 57
0163_0037_0035_0052_0052.jpg 1 37 35 52 52
0164_0012_0041_0027_0027.jpg 1 12 41 27 27
0165_0007_0009_0054_0054.jpg 1 7 9 54 54
0166_0053_0039_0028_0028.jpg 1 53 39 28 28
0167_0015_0032_0038_0038.jpg 1 15 32 38 38
0168_0005_0030_0058_0058.jpg 1 5 30 58 58
0169_0011_0027_0064_0064.jpg 1 11 27 64 64
0170_0014_0029_0035_0035.jpg 1 14 29 35 35
0171_0021_0009_0043_0043.jpg 1 21 9 43 43
0172_0054_0035_0034_0034.jpg 1 54 35 34 34
0173_0030_0048_0034_0034.jpg 1 30 48 34 34
0174_0027_0010_0062_0062.jpg 1 27 10 62 62
0175_0030_0038_0055_0055.jpg 1 30 38 55 55
0176_0054_0039_0025_0025.jpg 1 54 39 25 25
0177_0032_0048_0038_0038.jpg 1 32 48 38 38
0178_0041_0042_0049_0049.jpg 1 41 42 49 49
0179_0011_0025_0039_0039.jpg 1 11 25 39 39
0180_0054_0018_0035_0035.jpg 1 54 18 35 35
0181_0049_0038_0032_0032.jpg 1 49 38 32 32
0182_0038_0040_0024_0024.jpg 1 38 40 24 24
0183_0056_0040_0032_0032.jpg 1 56 40 32 32
0184_0055_0058_0032_0032.jpg 1 55 58 32 32
0185_0027_0047_0039_0039.jpg 1 27 47 39 39
0186_0038_0029_0035_0035.jpg 1 38 29 35 35
0187_0025_0021_0057_0057.jpg 1 25 21 57 57
0188_0019_0032_0061_0061.jpg 1 19 32 61 61
0189_0021_0032_0035_0035.jpg 1 21 32 35 35
0190_0008_0024_0060_0060.jpg 1 8 24 60 60
0191_0046_0015_0024_0024.jpg 1 46 15 24 24
0192_0045_0017_0030_0030.jpg 1 45 17 30 30
0193_0047_0025_0035_0035.jpg 1 47 25 35 35
0194_0021_0021_0024_0024.jpg 1 21 21 24 24
0195_0023_0007_0063_0063.jpg 1 23 7 63 63
0196_0021_0014_0064_0064.jpg 1 21 14 64 64
0197_0015_0010_0066_0066.jpg 1 15 10 66 66
0198_0030_0033_0058_0058.jpg 1 30 33 58 58
0199_0010_0017_0059_0059.jpg 1 10 17 59 59
0200_0042_0060_0029_0029.jpg 1 42 60 29 29
0201_0012_0012_0061_0061.jpg 1 12 12 61 61
0202_0008_0018_0068_0068.jpg 1 8 18 68 68
0203_0014_0005_0064_0064.jpg 1 14 5 64 64
0204_0019_0010_0068_0068.jpg 1 19 10 68 68
0205_0042_0011_0044_0044.jpg 1 42 11 44 44
0206_0025_0016_0057_0057.jpg 1 25 16 57 57
0207_0021_0045_0040_0040.jpg 1 21 45 40 40
0208_0017_0042_0039_0039.jpg 1 17 42 39 39
0209_0033_0013_0044_0044.jpg 1 33 13 44 44
0210_0047_0042_0032_0032.jpg 1 47 42 32 32
0211_0016_0016_0061_0061.jpg 1 16 16 61 61
0212_0047_0043_0041_0041.jpg 1 47 43 41 41
0213_0012_0008_0066_0066.jpg 1 12 8 66 66
0214_0049_0019_0024_0024.jpg 1 49 19 24 24
0215_0020_0005_0060_0060.jpg 1 20 5 60 60
0216_0003_0024_0065_0065.jpg 1 3 24 65 65
0217_0063_0036_0029_0029.jpg 1 63 36 29 29
0218_0024_0009_0046_0046.jpg 1 24 9 46 46
0219_0036_0019_0059_0059.jpg 1 36 19 59 59
0220_0017_0009_0059_0059.jpg 1 17 9 59 59
0221_0011_0034_0039_0039.jpg 1 11 34 39 39
0222_0045_0031_0029_0029.jpg 1 45 31 29 29
0223_0005_0023_0068_0068.jpg 1 5 23 68 68
0224_0040_0029_0028_0028.jpg 1 40 29 28 28
0225_0035_0034_0024_0024.jpg 1 35 34 24 24
0226_0011_0005_0048_0048.jpg 1 11 5 48 48
0227_0022_0047_0040_0040.jpg 1 22 47 40 40
0228_0022_0020_0060_0060.jpg 1 22 20 60 60
0229_0028_0027_0060_0060.jpg 1 28 27 60 60
0230_0050_0049_0042_0042.jpg 1 50 49 42 42
0231_0007_0006_0064_0064.jpg 1 7 6 64 64
0232_0030_0028_0059_0059.jpg 1 30 28 59 59
0233_0034_0046_0031_0031.jpg 1 34 46 31 31
0234_0014_0039_0041_0041.jpg 1 14 39 41 41
0235_0023_0051_0034_0034.jpg 1 23 51 34 34
0236_0018_0044_0042_0042.jpg 1 18 44 42 42
0237_0027_0039_0038_0038.jpg 1 27 39 38 38
0238_0037_0031_0029_0029.jpg 1 37 31 29 29
0239_0024_0005_0060_0060.jpg 1 24 5 60 60
0240_0025_0037_0042_0042.jpg 1 25 37 42 42
0241_0013_0015_0025_0025.jpg 1 13 15 25 25
0242_0032_0014_0058_0058.jpg 1 32 14 58 58
0243_0009_0027_0062_0062.jpg 1 9 27 62 62
0244_0008_0030_0034_0034.jpg 1 8 30 34 34
0245_0009_0032_0057_0057.jpg 1 9 32 57 57
0246_0025_0018_0031_0031.jpg 1 25 18 31 31
0247_0014_0025_0060_0060.jpg 1 14 25 60 60
0248_0016_0048_0043_0043.jpg 1 16 48 43 43
0249_0009_0042_0048_0048.jpg 1 9 42 48 48
0250_0030_0011_0057_0057.jpg 1 30 11 57 57
0251_0046_0016_0034_0034.jpg 1 46 16 34 34
0252_0009_0034_0038_0038.jpg 1 9 34 38 38
0253_0023_0005_0057_0057.jpg 1 23 5 57 57
0254_0014_0017_0069_0069.jpg 1 14 17 69 69
0255_0010_0028_0051_0051.jpg 1 10 28 51 51
0256_0024_0010_0030_0030.jpg 1 24 10 30 30
0257_0032_0053_0033_0033.jpg 1 32 53 33 33
0258_0050_0052_0040_0040.jpg 1 50 52 40 40
0259_0025_0015_0063_0063.jpg 1 25 15 63 63
0260_0007_0009_0061_0061.jpg 1 7 9 61 61
0261_0039_0043_0051_0051.jpg 1 39 43 51 51
0262_0013_0037_0057_0057.jpg 1 13 37 57 57
0263_0035_0027_0060_0060.jpg 1 35 27 60 60
0264_0019_0011_0069_0069.jpg 1 19 11 69 69
0265_0050_0023_0024_0024.jpg 1 50 23 24 24
0266_0039_0036_0052_0052.jpg 1 39 36 52 52
0267_0010_0015_0067_0067.jpg 1 10 15 67 67
0268_0031_0030_0062_0062.jpg 1 31 30 62 62
0269_0032_0013_0064_0064.jpg 1 32 13 64 64
0270_0019_0033_0062_0062.jpg 1 19 33 62 62
0271_0007_0007_0062_0062.jpg 1 7 7 62 62
0272_0007_0007_0046_0046.jpg 1 7 7 46 46
0273_0026_0059_0031_0031.jpg 1 26 59 31 31
0274_0004_0007_0058_0058.jpg 1 4 7 58 58
0275_0035_0047_0029_0029.jpg 1 35 47 29 29
0276_0036_0038_0050_0050.jpg 1 36 38 50 50
0277_0006_0016_0044_0044.jpg 1 6 16 44 44
0278_0028_0012_0045_0045.jpg 1 28 12 45 45
0279_0006_0008_0068_0068.jpg 1 6 8 68 68
0280_0022_0030_0027_0027.jpg 1 22 30 27 27
0281_0026_0031_0047_0047.jpg 1 26 31 47 47
0282_0014_0031_0049_0049.jpg 1 14 31 49 49
0283_0010_0014_0060_0060.jpg 1 10 14 60 60
0284_0042_0031_0028_0028.jpg 1 42 31 28 28
0285_0030_0047_0032_0032.jpg 1 30 47 32 32
0286_0045_0039_0040_0040.jpg 1 45 39 40 40
0287_0047_0019_0026_0026.jpg 1 47 19 26 26
0288_0008_0020_0065_0065.jpg 1 8 20 65 65
0289_0037_0046_0036_0036.jpg 1 37 46 36 36
0290_0024_0018_0051_0051.jpg 1 24 18 51 51
0291_0022_0027_0066_0066.jpg 1 22 27 66 66
0292_0057_0006_0035_0035.jpg 1 57 6 35 35
0293_0024_0034_0054_0054.jpg 1 24 34 54 54
0294_0029_0028_0046_0046.jpg 1 29 28 46 46
0295_0018_0013_0063_0063.jpg 1 18 13 63 63
0296_0028_0008_0052_0052.jpg 1 28 8 52 52
0297_0033_0037_0034_0034.jpg 1 33 37 34 34
0298_0014_0027_0041_0041.jpg 1 14 27 41 41
0299_0042_0011_0042_0042.jpg 1 42 11 42 42
0300_0008_0063_0024_0024.jpg 1 8 63 24 24
0301_0047_0034_0032_0032.jpg 1 47 34 32 32
0302_0028_0012_0027_0027.jpg 1 28 12 27 27
0303_0028_0035_0046_0046.jpg 1 28 35 46 46
0304_0052_0026_0034_0034.jpg 1 52 26 34 34
0305_0037_0047_0040_0040.jpg 1 37 47 40 40
0306_0039_0033_0048_0048.jpg 1 39 33 48 48
0307_0065_0045_0026_0026.jpg 1 65 45 26 26
0308_0035_0044_0029_0029.jpg 1 35 44 29 29
0309_0030_0036_0044_0044.jpg 1 30 36 44 44
0310_0041_0057_0026_0026.jpg 1 41 57 26 26
0311_0051_0018_0030_0030.jpg 1 51 18 30 30
0312_0015_0007_0037_0037.jpg 1 15 7 37 37
0313_0021_0024_0058_0058.jpg 1 21 24 58 58
0314_0023_0048_0044_0044.jpg 1 23 48 44 44
0315_0014_0013_0045_0045.jpg 1 14 13 45 45
0316_0012_0015_0045_0045.jpg 1 12 15 45 45
0317_0013_0005_0066_0066.jpg 1 13 5 66 66
0318_0010_0015_0051_0051.jpg 1 10 15 51 51
0319_0012_0028_0067_0067.jpg 1 12 28 67 67
0320_0019_0009_0063_0063.jpg 1 19 9 63 63
0321_0033_0019_0040_0040.jpg 1 33 19 40 40
0322_0016_0027_0050_0050.jpg 1 16 27 50 50
0323_0036_0034_0057_0057.jpg 1 36 34 57 57
0324_0034_0014_0052_0052.jpg 1 34 14 52 52
0325_0046_0048_0042_0042.jpg 1 46 48 42 42
0326_0031_0017_0062_0062.jpg 1 31 17 62 62
0327_0009_0039_0036_0036.jpg 1 9 39 36 36
0328_0004_0012_0058_0058.jpg 1 4 12 58 58
0329_0004_0030_0056_0056.jpg 1 4 30 56 56
0330_0027_0014_0069_0069.jpg 1 27 14 69 69
0331_0038_0019_0051_0051.jpg 1 38 19 51 51
0332_0019_0007_0063_0063.jpg 1 19 7 63 63
0333_0019_0039_0026_0026.jpg 1 19 39 26 26
0334_0010_0014_0050_0050.jpg 1 10 14 50 50
0335_0012_0035_0027_0027.jpg 1 12 35 27 27
0336_0006_0015_0052_0052.jpg 1 6 15 52 52
0337_0037_0037_0024_0024.jpg 1 37 37 24 24
0338_0009_0011_0041_0041.jpg 1 9 11 41 41
0339_0037_0028_0033_0033.jpg 1 37 28 33 33
0340_0011_0018_0058_0058.jpg 1 11 18 58 58
0341_0013_0027_0064_0064.jpg 1 13 27 64 64
0342_0008_0019_0051_0051.jpg 1 8 19 51 51
0343_0024_0021_0068_0068.jpg 1 24 21 68 68
0344_0017_0020_0064_0064.jpg 1 17 20 64 64
0345_0007_0026_0057_0057.jpg 1 7 26 57 57
0346_0040_0036_0024_0024.jpg 1 40 36 24 24
0347_0018_0022_0067_0067.jpg 1 18 22 67 67
0348_0004_0015_0061_0061.jpg 1 4 15 61 61
0349_0006_0026_0047_0047.jpg 1 6 26 47 47
0350_0045_0006_0049_0049.jpg 1 45 6 49 49
0351_0017_0028_0047_0047.jpg 1 17 28 47 47
0352_0043_0032_0027_0027.jpg 1 43 32 27 27
0353_0006_0030_0045_0045.jpg 1 6 30 45 45
0354_0017_0011_0060_0060.jpg 1 17 11 60 60
0355_0023_0006_0058_0058.jpg 1 23 6 58 58
0356_0019_0006_0049_0049.jpg 1 19 6 49 49
0357_0038_0013_0043_0043.jpg 1 38 13 43 43
0358_0005_0015_0068_0068.jpg 1 5 15 68 68
0359_0043_0012_0028_0028.jpg 1 43 12 28 28
0360_0026_0016_0069_0069.jpg 1 26 16 69 69
0361_0027_0023_0064_0064.jpg 1 27 23 64 64
0362_0036_0027_0059_0059.jpg 1 36 27 59 59
0363_0030_0014_0029_0029.jpg 1 30 14 29 29
0364_0015_0028_0043_0043.jpg 1 15 28 43 43
0365_0018_0014_0046_0046.jpg 1 18 14 46 46
0366_0038_0031_0047_0047.jpg 1 38 31 47 47
0367_0014_0015_0048_0048.jpg 1 14 15 48 48
0368_0062_0048_0030_0030.jpg 1 62 48 30 30
0369_0013_0023_0064_0064.jpg 1 13 23 64 64
0370_0010_0009_0035_0035.jpg 1 10 9 35 35
0371_0006_0008_0067_0067.jpg 1 6 8 67 67
0372_0039_0013_0024_0024.jpg 1 39 13 24 24
0373_0020_0011_0046_0046.jpg 1 20 11 46 46
0374_0057_0010_0030_0030.jpg 1 57 10 30 30
0375_0029_0016_0062_0062.jpg 1 29 16 62 62
0376_0030_0043_0052_0052.jpg 1 30 43 52 52
0377_0016_0059_0029_0029.jpg 1 16 59 29 29
0378_0020_0042_0026_0026.jpg 1 20 42 26 26
0379_0013_0010_0051_0051.jpg 1 13 10 51 51
0380_0024_0021_0062_0062.jpg 1 24 21 62 62
0381_0033_0033_0056_0056.jpg 1 33 33 56 56
0382_0017_0035_0055_0055.jpg 1 17 35 55 55
0383_0007_0015_0024_0024.jpg 1 7 15 24 24
0384_0028_0025_0060_0060.jpg 1 28 25 60 60
0385_0008_0039_0040_0040.jpg 1 8 39 40 40
0386_0010_0029_0061_0061.jpg 1 10 29 61 61
0387_0023_0043_0043_0043.jpg 1 23 43 43 43
0388_0019_0012_0060_0060.jpg 1 19 12 60 60
0389_0011_0017_0067_0067.jpg 1 11 17 67 67
0390_0039_0047_0032_0032.jpg 1 39 47 32 32
0391_0030_0009_0040_0040.jpg 1 30 9 40 40
0392_0026_0024_0060_0060.jpg 1 26 24 60 60
0393_0032_0033_0059_0059.jpg 1 32 33 59 59
0394_0010_0009_0037_0037.jpg 1 10 9 37 37
0395_0007_0022_0037_0037.jpg 1 7 22 37 37
0396_0016_0014_0042_0042.jpg 1 16 14 42 42
0397_0031_0021_0037_0037.jpg 1 31 21 37 37
0398_0040_0050_0031_0031.jpg 1 40 50 31 31
0399_0025_0036_0038_0038.jpg 1 25 36 38 38
0400_0017_0020_0034_0034.jpg 1 17 20 34 34
0401_0011_0018_0067_0067.jpg 1 11 18 67 67
0402_0004_0017_0068_0068.jpg 1 4 17 68 68
0403_0014_0017_0061_0061.jpg 1 14 17 61 61
0404_0047_0010_0031_0031.jpg 1 47 10 31 31
0405_0026_0047_0041_0041.jpg 1 26 47 41 41
0406_0019_0025_0027_0027.jpg 1 19 25 27 27
0407_0023_0042_0038_0038.jpg 1 23 42 38 38
0408_0014_0007_0065_0065.jpg 1 14 7 65 65
0409_0037_0044_0050_0050.jpg 1 37 44 50 50
0410_0010_0009_0057_0057.jpg 1 10 9 57 57
0411_0050_0023_0030_0030.jpg 1 50 23 30 30
0412_0023_0044_0042_0042.jpg 1 23 44 42 42
0413_0022_0034_0042_0042.jpg 1 22 34 42 42
0414_0013_0018_0064_0064.jpg 1 13 18 64 64
0415_0024_0022_0034_0034.jpg 1 24 22 34 34
0416_0011_0020_0062_0062.jpg 1 11 20 62 62
0417_0013_0019_0069_0069.jpg 1 13 19 69 69
0418_0044_0014_0028_0028.jpg 1 44 14 28 28
0419_0037_0006_0042_0042.jpg 1 37 6 42 42
0420_0038_0019_0030_0030.jpg 1 38 19 30 30
0421_0037_0025_0026_0026.jpg 1 37 25 26 26
0422_0054_0044_0038_0038.jpg 1 54 44 38 38
0423_0040_0018_0033_0033.jpg 1 40 18 33 33
0424_0026_0004_0057_0057.jpg 1 26 4 57 57
0425_0032_0023_0031_0031.jpg 1 32 23 31 31
0426_0025_0028_0068_0068.jpg 1 25 28 68 68
0427_0021_0029_0036_0036.jpg 1 21 29 36 36
0428_0038_0031_0034_0034.jpg 1 38 31 34 34
0429_0017_0030_0033_0033.jpg 1 17 30 33 33
0430_0038_0037_0053_0053.jpg 1 38 37 53 53
0431_0028_0006_0037_0037.jpg 1 28 6 37 37
0432_0028_0020_0041_0041.jpg 1 28 20 41 41
0433_0039_0041_0025_0025.jpg 1 39 41 25 25
0434_0037_0028_0058_0058.jpg 1 37 28 58 58
0435_0026_0057_0033_0033.jpg 1 26 57 33 33
0436_0023_0026_0069_0069.jpg 1 23 26 69 69
0437_0053_0052_0035_0035.jpg 1 53 52 35 35
0438_0005_0009_0050_0050.jpg 1 5 9 50 50
0439_0037_0060_0029_0029.jpg 1 37 60 29 29
0440_0019_0034_0060_0060.jpg 1 19 34 60 60
0441_0032_0035_0052_0052.jpg 1 32 35 52 52
0442_0036_0038_0044_0044.jpg 1 36 38 44 44
0443_0025_0032_0063_0063.jpg 1 25 32 63 63
0444_0022_0028_0063_0063.jpg 1 22 28 63 63
0445_0032_0050_0025_0025.jpg 1 32 50 25 25
0446_0027_0026_0063_0063.jpg 1 27 26 63 63
0447_0052_0060_0026_0026.jpg 1 52 60 26 26
0448_0038_0053_0033_0033.jpg 1 38 53 33 33
0449_0024_0029_0025_0025.jpg 1 24 29 25 25
0450_0032_0050_0028_0028.jpg 1 32 50 28 28
0451_0057_0014_0030_0030.jpg 1 57 14 30 30
0452_0009_0017_0049_0049.jpg 1 9 17 49 49
0453_0009_0005_0066_0066.jpg 1 9 5 66 66
0454_0020_0023_0040_0040.jpg 1 20 23 40 40
0455_0044_0011_0034_0034.jpg 1 44 11 34 34
0456_0015_0015_0044_0044.jpg 1 15 15 44 44
0457_0013_0038_0030_0030.jpg 1 13 38 30 30
0458_0026_0032_0060_0060.jpg 1 26 32 60 60
0459_0037_0033_0043_0043.jpg 1 37 33 43 43
0460_0041_0021_0053_0053.jpg 1 41 21 53 53
0461_0006_0009_0069_0069.jpg 1 6 9 69 69
0462_0022_0028_0056_0056.jpg 1 22 28 56 56
0463_0020_0020_0044_0044.jpg 1 20 20 44 44
0464_0016_0013_0061_0061.jpg 1 16 13 61 61
0465_0003_0003_0065_0065.jpg 1 3 3 65 65
0466_0018_0013_0057_0057.jpg 1 18 13 57 57
0467_0061_0049_0026_0026.jpg 1 61 49 26 26
0468_0012_0026_0036_0036.jpg 1 12 26 36 36
0469_0009_0030_0059_0059.jpg 1 9 30 59 59
0470_0058_0009_0031_0031.jpg 1 58 9 31 31
0471_0040_0020_0048_0048.jpg 1 40 20 48 48
0472_0035_0028_0043_0043.jpg 1 35 28 43 43
0473_0040_0028_0050_0050.jpg 1 40 28 50 50
0474_0014_0007_0035_0035.jpg 1 14 7 35 35
0475_0015_0021_0039_0039.jpg 1 15 21 39 39
0476_0011_0054_0034_0034.jpg 1 11 54 34 34
0477_0019_0029_0061_0061.jpg 1 19 29 61 61
0478_0019_0008_0051_0051.jpg 1 19 8 51 51
0479_0013_0040_0026_0026.jpg 1 13 40 26 26
0480_0010_0022_0030_0030.jpg 1 10 22 30 30
0481_0010_0014_0027_0027.jpg 1 10 14 27 27
0482_0034_0039_0033_0033.jpg 1 34 39 33 33
0483_0035_0032_0059_0059.jpg 1 35 32 59 59
0484_0012_0009_0068_0068.jpg 1 12 9 68 68
0485_0022_0024_0027_0027.jpg 1 22 24 27 27
0486_0035_0018_0046_0046.jpg 1 35 18 46 46
0487_0014_0009_0062_0062.jpg 1 14 9 62 62
0488_0040_0023_0037_0037.jpg 1 40 23 37 37
0489_0010_0008_0066_0066.jpg 1 10 8 66 66
0490_0033_0018_0059_0059.jpg 1 33 18 59 59
0491_0037_0024_0047_0047.jpg 1 37 24 47 47
0492_0053_0053_0028_0028.jpg 1 53 53 28 28
0493_0016_0037_0054_0054.jpg 1 16 37 54 54
0494_0021_0017_0063_0063.jpg 1 21 17 63 63
0495_0029_0049_0030_0030.jpg 1 29 49 30 30
0496_0042_0010_0047_0047.jpg 1 42 10 47 47
0497_0053_0053_0037_0037.jpg 1 53 53 37 37
0498_0013_0018_0045_0045.jpg 1 13 18 45 45
0499_0035_0013_0058_0058.jpg 1 35 13 58 58
0500_0016_0056_0033_0033.jpg 1 16 56 33 33
0501_0055_0057_0029_0029.jpg 1 55 57 29 29
0502_0023_0009_0068_0068.jpg 1 23 9 68 68
0503_0011_0020_0062_0062.jpg 1 11 20 62 62
0504_0009_0035_0058_0058.jpg 1 9 35 58 58
0505_0047_0020_0034_0034.jpg 1 47 20 34 34
0506_0034_0015_0060_0060.jpg 1 34 15 60 60
0507_0009_0012_0064_0064.jpg 1 9 12 64 64
0508_0028_0026_0065_0065.jpg 1 28 26 65 65
0509_0020_0024_0058_0058.jpg 1 20 24 58 58
0510_0025_0016_0047_0047.jpg 1 25 16 47 47
0511_0059_0033_0034_0034.jpg 1 59 33 34 34
0512_0022_0032_0033_0033.jpg 1 22 32 33 33
0513_0048_0026_0031_0031.jpg 1 48 26 31 31
0514_0027_0030_0025_0025.jpg 1 27 30 25 25
0515_0023_0020_0065_0065.jpg 1 23 20 65 65
0516_0060_0041_0029_0029.jpg 1 60 41 29 29
0517_0020_0012_0061_0061.jpg 1 20 12 61 61
0518_0038_0026_0036_0036.jpg 1 38 26 36 36
0519_0031_0008_0045_0045.jpg 1 31 8 45 45
0520_0035_0005_0053_0053.jpg 1 35 5 53 53
0521_0020_0018_0040_0040.jpg 1 20 18 40 40
0522_0061_0054_0031_0031.jpg 1 61 54 31 31
0523_0015_0015_0027_0027.jpg 1 15 15 27 27
0524_0042_0058_0028_0028.jpg 1 42 58 28 28
0525_0049_0048_0043_0043.jpg 1 49 48 43 43
0526_0032_0014_0027_0027.jpg 1 32 14 27 27
0527_0039_0024_0041_0041.jpg 1 39 24 41 41
0528_0008_0023_0066_0066.jpg 1 8 23 66 66
0529_0014_0030_0058_0058.jpg 1 14 30 58 58
0530_0056_0013_0026_0026.jpg 1 56 13 26 26
0531_0008_0028_0053_0053.jpg 1 8 28 53 53
0532_0021_0020_0064_0064.jpg 1 21 20 64 64
0533_0008_0009_0045_0045.jpg 1 8 9 45 45
0534_0027_0047_0041_0041.jpg 1 27 47 41 41
0535_0024_0058_0030_0030.jpg 1 24 58 30 30
0536_0011_0021_0066_0066.jpg 1 11 21 66 66
0537_0022_0059_0030_0030.jpg 1 22 59 30 30
0538_0029_0020_0041_0041.jpg 1 29 20 41 41
0539_0029_0020_0060_0060.jpg 1 29 20 60 60
0540_0021_0014_0065_0065.jpg 1 21 14 65 65
0541_0039_0029_0047_0047.jpg 1 39 29 47 47
0542_0038_0007_0051_0051.jpg 1 38 7 51 51
0543_0047_0035_0039_0039.jpg 1 47 35 39 39
0544_0029_0052_0038_0038.jpg 1 29 52 38 38
0545_0018_0012_0066_0066.jpg 1 18 12 66 66
0546_0048_0046_0040_0040.jpg 1 48 46 40 40
0547_0024_0010_0058_0058.jpg 1 24 10 58 58
0548_0026_0042_0031_0031.jpg 1 26 42 31 31
0549_0018_0016_0060_0060.jpg 1 18 16 60 60
0550_0014_0042_0042_0042.jpg 1 14 42 42 42
0551_0006_0011_0040_0040.jpg 1 6 11 40 40
0552_0025_0049_0036_0036.jpg 1 25 49 36 36
0553_0007_0005_0059_0059.jpg 1 7 5 59 59
0554_0029_0004_0062_0062.jpg 1 29 4 62 62
0555_0028_0044_0039_0039.jpg 1 28 44 39 39
0556_0030_0041_0040_0040.jpg 1 30 41 40 40
0557_0020_0007_0062_0062.jpg 1 20 7 62 62
0558_0032_0035_0028_0028.jpg 1 32 35 28 28
0559_0025_0053_0038_0038.jpg 1 25 53 38 38
0560_0043_0018_0031_0031.jpg 1 43 18 31 31
0561_0045_0009_0043_0043.jpg 1 45 9 43 43
0562_0026_0037_0024_0024.jpg 1 26 37 24 24
0563_0030_0014_0049_0049.jpg 1 30 14 49 49
0564_0011_0022_0032_0032.jpg 1 11 22 32 32
0565_0006_0024_0057_0057.jpg 1 6 24 57 57
0566_0020_0024_0069_0069.jpg 1 20 24 69 69
0567_0005_0023_0068_0068.jpg 1 5 23 68 68
0568_0013_0014_0069_0069.jpg 1 13 14 69 69
0569_0044_0010_0050_0050.jpg 1 44 10 50 50
0570_0042_0044_0036_0036.jpg 1 42 44 36 36
0571_0050_0027_0030_0030.jpg 1 50 27 30 30
0572_0045_0038_0027_0027.jpg 1 45 38 27 27
0573_0031_0009_0040_0040.jpg 1 31 9 40 40
0574_0031_0034_0058_0058.jpg 1 31 34 58 58
0575_0007_0025_0031_0031.jpg 1 7 25 31 31
0576_0021_0034_0036_0036.jpg 1 21 34 36 36
0577_0031_0026_0026_0026.jpg 1 31 26 26 26
0578_0032_0014_0024_0024.jpg 1 32 14 24 24
0579_0029_0024_0050_0050.jpg 1 29 24 50 50
0580_0017_0018_0046_0046.jpg 1 17 18 46 46
0581_0026_0007_0059_0059.jpg 1 26 7 59 59
0582_0045_0008_0046_0046.jpg 1 45 8 46 46
0583_0025_0041_0039_0039.jpg 1 25 41 39 39
0584_0006_0053_0040_0040.jpg 1 6 53 40 40
0585_0007_0028_0045_0045.jpg 1 7 28 45 45
0586_0022_0007_0064_0064.jpg 1 22 7 64 64
0587_0011_0028_0056_0056.jpg 1 11 28 56 56
0588_0026_0055_0037_0037.jpg 1 26 55 37 37
0589_0013_0015_0055_0055.jpg 1 13 15 55 55
0590_0009_0021_0061_0061.jpg 1 9 21 61 61
0591_0063_0008_0024_0024.jpg 1 63 8 24 24
0592_0039_0019_0024_0024.jpg 1 39 19 24 24
0593_0024_0009_0060_0060.jpg 1 24 9 60 60
0594_0015_0010_0062_0062.jpg 1 15 10 62 62
0595_0030_0010_0032_0032.jpg 1 30 10 32 32
0596_0011_0007_0067_0067.jpg 1 11 7 67 67
0597_0042_0034_0026_0026.jpg 1 42 34 26 26
0598_0023_0043_0047_0047.jpg 1 23 43 47 47
0599_0027_0009_0062_0062.jpg 1 27 9 62 62
0600_0024_0020_0066_0066.jpg 1 24 20 66 66
0601_0008_0027_0061_0061.jpg 1 8 27 61 61
0602_0021_0041_0051_0051.jpg 1 21 41 51 51
0603_0027_0009_0033_0033.jpg 1 27 9 33 33
0604_0018_0050_0042_0042.jpg 1 18 50 42 42
0605_0013_0032_0059_0059.jpg 1 13 32 59 59
0606_0007_0046_0039_0039.jpg 1 7 46 39 39
0607_0031_0008_0028_0028.jpg 1 31 8 28 28
0608_0035_0013_0052_0052.jpg 1 35 13 52 52
0609_0008_0059_0034_0034.jpg 1 8 59 34 34
0610_0027_0022_0069_0069.jpg 1 27 22 69 69
0611_0044_0043_0035_0035.jpg 1 44 43 35 35
0612_0028_0027_0068_0068.jpg 1 28 27 68 68
0613_0029_0023_0056_0056.jpg 1 29 23 56 56
0614_0028_0040_0043_0043.jpg 1 28 40 43 43
0615_0024_0007_0046_0046.jpg 1 24 7 46 46
0616_0027_0010_0035_0035.jpg 1 27 10 35 35
0617_0028_0005_0047_0047.jpg 1 28 5 47 47
0618_0065_0051_0025_0025.jpg 1 65 51 25 25
0619_0046_0017_0032_0032.jpg 1 46 17 32 32
0620_0035_0026_0057_0057.jpg 1 35 26 57 57
0621_0008_0021_0069_0069.jpg 1 8 21 69 69
0622_0013_0058_0032_0032.jpg 1 13 58 32 32
0623_0036_0018_0057_0057.jpg 1 36 18 57 57
0624_0025_0010_0042_0042.jpg 1 25 10 42 42
0625_0055_0020_0030_0030.jpg 1 55 20 30 30
0626_0025_0030_0045_0045.jpg 1 25 30 45 45
0627_0021_0046_0044_0044.jpg 1 21 46 44 44
0628_0026_0034_0054_0054.jpg 1 26 34 54 54
0629_0010_0035_0058_0058.jpg 1 10 35 58 58
0630_0008_0026_0041_0041.jpg 1 8 26 41 41
0631_0019_0006_0045_0045.jpg 1 19 6 45 45
0632_0004_0014_0064_0064.jpg 1 4 14 64 64
0633_0057_0016_0028_0028.jpg 1 57 16 28 28
0634_0017_0028_0056_0056.jpg 1 17 28 56 56
0635_0057_0011_0031_0031.jpg 1 57 11 31 31
0636_0019_0033_0036_0036.jpg 1 19 33 36 36
0637_0015_0017_0060_0060.jpg 1 15 17 60 60
0638_0043_0033_0044_0044.jpg 1 43 33 44 44
0639_0017_0031_0059_0059.jpg 1 17 31 59 59
0640_0011_0006_0035_0035.jpg 1 11 6 35 35
0641_0014_0038_0055_0055.jpg 1 14 38 55 55
0642_0007_0020_0024_0024.jpg 1 7 20 24 24
0643_0010_0014_0069_0069.jpg 1 10 14 69 69
0644_0025_0026_0037_0037.jpg 1 25 26 37 37
0645_0033_0021_0059_0059.jpg 1 33 21 59 59
0646_0008_0014_0060_0060.jpg 1 8 14 60 60
0647_0046_0018_0047_0047.jpg 1 46 18 47 47
0648_0046_0046_0047_0047.jpg 1 46 46 47 47
0649_0022_0014_0042_0042.jpg 1 22 14 42 42
0650_0033_0043_0043_0043.jpg 1 33 43 43 43
0651_0042_0063_0026_0026.jpg 1 42 63 26 26
0652_0019_0033_0028_0028.jpg 1 19 33 28 28
0653_0053_0017_0030_0030.jpg 1 53 17 30 30
0654_0029_0053_0027_0027.jpg 1 29 53 27 27
0655_0043_0044_0036_0036.jpg 1 43 44 36 36
0656_0022_0017_0063_0063.jpg 1 22 17 63 63
0657_0044_0045_0032_0032.jpg 1 44 45 32 32
0658_0016_0033_0028_0028.jpg 1 16 33 28 28
0659_0039_0027_0040_0040.jpg 1 39 27 40 40
0660_0043_0053_0035_0035.jpg 1 43 53 35 35
0661_0014_0056_0027_0027.jpg 1 14 56 27 27
0662_0034_0037_0052_0052.jpg 1 34 37 52 52
0663_0011_0015_0066_0066.jpg 1 11 15 66 66
0664_0026_0022_0058_0058.jpg 1 26 22 58 58
0665_0013_0025_0051_0051.jpg 1 13 25 51 51
0666_0059_0051_0029_0029.jpg 1 59 51 29 29
0667_0015_0025_0049_0049.jpg 1 15 25 49 49
0668_0011_0009_0045_0045.jpg 1 11 9 45 45
0669_0031_0060_0030_0030.jpg 1 31 60 30 30
0670_0009_0044_0032_0032.jpg 1 9 44 32 32
0671_0013_0030_0049_0049.jpg 1 13 30 49 49
0672_0019_0053_0035_0035.jpg 1 19 53 35 35
0673_0020_0053_0028_0028.jpg 1 20 53 28 28
0674_0021_0053_0027_0027.jpg 1 21 53 27 27
0675_0007_0025_0069_0069.jpg 1 7 25 69 69
0676_0029_0025_0063_0063.jpg 1 29 25 63 63
0677_0033_0015_0056_0056.jpg 1 33 15 56 56
0678_0012_0016_0065_0065.jpg 1 12 16 65 65
0679_0063_0037_0024_0024.jpg 1 63 37 24 24
0680_0026_0055_0028_0028.jpg 1 26 55 28 28
0681_0004_0006_0063_0063.jpg 1 4 6 63 63
0682_0040_0057_0026_0026.jpg 1 40 57 26 26
0683_0021_0054_0039_0039.jpg 1 21 54 39 39
0684_0020_0021_0034_0034.jpg 1 20 21 34 34
0685_0004_0016_0066_0066.jpg 1 4 16 66 66
0686_0020_0044_0043_0043.jpg 1 20 44 43 43
0687_0049_0026_0040_0040.jpg 1 49 26 40 40
0688_0009_0016_0057_0057.jpg 1 9 16 57 57
0689_0031_0005_0063_0063.jpg 1 31 5 63 63
0690_0014_0009_0066_0066.jpg 1 14 9 66 66
0691_0024_0035_0024_0024.jpg 1 24 35 24 24
0692_0044_0031_0050_0050.jpg 1 44 31 50 50
0693_0033_0033_0049_0049.jpg 1 33 33 49 49
0694_0039_0052_0025_0025.jpg 1 39 52 25 25
0695_0016_0019_0041_0041.jpg 1 16 19 41 41
0696_0031_0033_0051_0051.jpg 1 31 33 51 51
0697_0012_0008_0043_0043.jpg 1 12 8 43 43
0698_0006_0005_0056_0056.jpg 1 6 5 56 56
0699_0038_0014_0056_0056.jpg 1 38 14 56 56
0700_0026_0007_0054_0054.jpg 1 26 7 54 54
0701_0041_0041_0029_0029.jpg 1 41 41 29 29
0702_0029_0012_0051_0051.jpg 1 29 12 51 51
0703_0061_0020_0026_0026.jpg 1 61 20 26 26
0704_0021_0060_0031_0031.jpg 1 21 60 31 31
0705_0018_0028_0057_0057.jpg 1 18 28 57 57
0706_0016_0020_0065_0065.jpg 1 16 20 65 65
0707_0008_0020_0026_0026.jpg 1 8 20 26 26
0708_0056_0021_0029_0029.jpg 1 56 21 29 29
0709_0009_0017_0039_0039.jpg 1 9 17 39 39
0710_0030_0025_0051_0051.jpg 1 30 25 51 51
0711_0010_0029_0029_0029.jpg 1 10 29 29 29
0712_0022_0038_0025_0025.jpg 1 22 38 25 25
0713_0023_0025_0049_0049.jpg 1 23 25 49 49
0714_0058_0035_0028_0028.jpg 1 58 35 28 28
0715_0041_0032_0032_0032.jpg 1 41 32 32 32
0716_0020_0048_0039_0039.jpg 1 20 48 39 39
0717_0046_0030_0045_0045.jpg 1 46 30 45 45
0718_0029_0024_0044_0044.jpg 1 29 24 44 44
0719_0025_0021_0065_0065.jpg 1 25 21 65 65
0720_0020_0032_0060_0060.jpg 1 20 32 60 60
0721_0006_0023_0069_0069.jpg 1 6 23 69 69
0722_0022_0032_0047_0047.jpg 1 22 32 47 47
0723_0020_0008_0054_0054.jpg 1 20 8 54 54
0724_0018_0014_0050_0050.jpg 1 18 14 50 50
0725_0032_0030_0039_0039.jpg 1 32 30 39 39
0726_0026_0010_0027_0027.jpg 1 26 10 27 27
0727_0030_0046_0034_0034.jpg 1 30 46 34 34
0728_0043_0015_0027_0027.jpg 1 43 15 27 27
0729_0006_0048_0046_0046.jpg 1 6 48 46 46
0730_0034_0005_0053_0053.jpg 1 34 5 53 53
0731_0009_0022_0044_0044.jpg 1 9 22 44 44
0732_0009_0012_0061_0061.jpg 1 9 12 61 61
0733_0052_0016_0029_0029.jpg 1 52 16 29 29
0734_0023_0039_0045_0045.jpg 1 23 39 45 45
0735_0025_0008_0037_0037.jpg 1 25 8 37 37
0736_0010_0006_0044_0044.jpg 1 10 6 44 44
0737_0014_0030_0028_0028.jpg 1 14 30 28 28
0738_0016_0009_0063_0063.jpg 1 16 9 63 63
0739_0026_0030_0043_0043.jpg 1 26 30 43 43
0740_0006_0021_0053_0053.jpg 1 6 21 53 53
0741_0028_0044_0025_0025.jpg 1 28 44 25 25
0742_0039_0047_0032_0032.jpg 1 39 47 32 32
0743_0015_0058_0031_0031.jpg 1 15 58 31 31
0744_0032_0027_0061_0061.jpg 1 32 27 61 61
0745_0005_0008_0067_0067.jpg 1 5 8 67 67
0746_0026_0018_0063_0063.jpg 1 26 18 63 63
0747_0019_0061_0031_0031.jpg 1 19 61 31 31
0748_0023_0032_0062_0062.jpg 1 23 32 62 62
0749_0014_0052_0036_0036.jpg 1 14 52 36 36
0750_0043_0040_0040_0040.jpg 1 43 40 40 40
0751_0018_0026_0055_0055.jpg 1 18 26 55 55
0752_0030_0018_0064_0064.jpg 1 30 18 64 64
0753_0040_0022_0048_0048.jpg 1 40 22 48 48
0754_0008_0013_0040_0040.jpg 1 8 13 40 40
0755_0030_0005_0062_0062.jpg 1 30 5 62 62
0756_0026_0027_0058_0058.jpg 1 26 27 58 58
0757_0024_0045_0046_0046.jpg 1 24 45 46 46
0758_0009_0013_0064_0064.jpg 1 9 13 64 64
0759_0044_0013_0044_0044.jpg 1 44 13 44 44
0760_0052_0026_0039_0039.jpg 1 52 26 39 39
0761_0055_0028_0026_0026.jpg 1 55 28 26 26
0762_0043_0036_0042_0042.jpg 1 43 36 42 42
0763_0004_0009_0052_0052.jpg 1 4 9 52 52
0764_0064_0045_0027_0027.jpg 1 64 45 27 27
0765_0022_0026_0062_0062.jpg 1 22 26 62 62
0766_0019_0055_0024_0024.jpg 1 19 55 24 24
0767_0035_0038_0034_0034.jpg 1 35 38 34 34
0768_0024_0035_0033_0033.jpg 1 24 35 33 33
0769_0053_0043_0033_0033.jpg 1 53 43 33 33
0770_0019_0017_0048_0048.jpg 1 19 17 48 48
0771_0051_0019_0024_0024.jpg 1 51 19 24 24
0772_0005_0040_0052_0052.jpg 1 5 40 52 52
0773_0022_0037_0058_0058.jpg 1 22 37 58 58
0774_0040_0025_0041_0041.jpg 1 40 25 41 41
0775_0018_0051_0040_0040.jpg 1 18 51 40 40
0776_0028_0022_0053_0053.jpg 1 28 22 53 53
0777_0045_0021_0040_0040.jpg 1 45 21 40 40
0778_0054_0049_0037_0037.jpg 1 54 49 37 37
0779_0028_0004_0063_0063.jpg 1 28 4 63 63
0780_0005_0018_0069_0069.jpg 1 5 18 69 69
0781_0029_0035_0053_0053.jpg 1 29 35 53 53
0782_0010_0024_0056_0056.jpg 1 10 24 56 56
0783_0034_0019_0029_0029.jpg 1 34 19 29 29
0784_0041_0032_0054_0054.jpg 1 41 32 54 54
0785_0024_0014_0055_0055.jpg 1 24 14 55 55
0786_0011_0020_0068_0068.jpg 1 11 20 68 68
0787_0040_0021_0045_0045.jpg 1 40 21 45 45
0788_0029_0019_0065_0065.jpg 1 29 19 65 65
0789_0038_0048_0024_0024.jpg 1 38 48 24 24
0790_0009_0026_0025_0025.jpg 1 9 26 25 25
0791_0040_0026_0049_0049.jpg 1 40 26 49 49
0792_0021_0032_0037_0037.jpg 1 21 32 37 37
0793_0032_0009_0032_0032.jpg 1 32 9 32 32
0794_0018_0032_0038_0038.jpg 1 18 32 38 38
0795_0022_0033_0059_0059.jpg 1 22 33 59 59
0796_0037_0005_0051_0051.jpg 1 37 5 51 51
0797_0062_0035_0028_0028.jpg 1 62 35 28 28
0798_0029_0013_0044_0044.jpg 1 29 13 44 44
0799_0023_0040_0034_0034.jpg 1 23 40 34 34
0800_0031_0048_0041_0041.jpg 1 31 48 41 41
0801_0007_0007_0037_0037.jpg 1 7 7 37 37
0802_0029_0041_0029_0029.jpg 1 29 41 29 29
0803_0007_0045_0029_0029.jpg 1 7 45 29 29
0804_0015_0032_0054_0054.jpg 1 15 32 54 54
0805_0022_0007_0064_0064.jpg 1 22 7 64 64
0806_0037_0029_0057_0057.jpg 1 37 29 57 57
0807_0011_0057_0025_0025.jpg 1 11 57 25 25
0808_0025_0034_0024_0024.jpg 1 25 34 24 24
0809_0006_0017_0060_0060.jpg 1 6 17 60 60
0810_0018_0038_0026_0026.jpg 1 18 38 26 26
0811_0045_0046_0038_0038.jpg 1 45 46 38 38
0812_0012_0013_0059_0059.jpg 1 12 13 59 59
0813_0063_0063_0026_0026.jpg 1 63 63 26 26
0814_0031_0055_0038_0038.jpg 1 31 55 38 38
0815_0027_0020_0058_0058.jpg 1 27 20 58 58
0816_0010_0012_0067_0067.jpg 1 10 12 67 67
0817_0047_0036_0043_0043.jpg 1 47 36 43 43
0818_0010_0013_0058_0058.jpg 1 10 13 58 58
0819_0035_0025_0052_0052.jpg 1 35 25 52 52
0820_0030_0006_0066_0066.jpg 1 30 6 66 66
0821_0020_0040_0031_0031.jpg 1 20 40 31 31
0822_0021_0014_0032_0032.jpg 1 21 14 32 32
0823_0019_0034_0032_0032.jpg 1 19 34 32 32
0824_0036_0039_0051_0051.jpg 1 36 39 51 51
0825_0047_0048_0041_0041.jpg 1 47 48 41 41
0826_0014_0005_0050_0050.jpg 1 14 5 50 50
0827_0031_0019_0047_0047.jpg 1 31 19 47 47
0828_0013_0055_0031_0031.jpg 1 13 55 31 31
0829_0009_0008_0066_0066.jpg 1 9 8 66 66
0830_0026_0008_0057_0057.jpg 1 26 8 57 57
0831_0011_0021_0060_0060.jpg 1 11 21 60 60
0832_0019_0026_0066_0066.jpg 1 19 26 66 66
0833_0004_0037_0058_0058.jpg 1 4 37 58 58
0834_0013_0026_0064_0064.jpg 1 13 26 64 64
0835_0026_0015_0048_0048.jpg 1 26 15 48 48
0836_0017_0008_0069_0069.jpg 1 17 8 69 69
0837_0013_0025_0055_0055.jpg 1 13 25 55 55
0838_0009_0016_0064_0064.jpg 1 9 16 64 64
0839_0051_0030_0024_0024.jpg 1 51 30 24 24
0840_0008_0025_0047_0047.jpg 1 8 25 47 47
0841_0041_0047_0041_0041.jpg 1 41 47 41 41
0842_0046_0024_0030_0030.jpg 1 46 24 30 30
0843_0018_0033_0054_0054.jpg 1 18 33 54 54
0844_0011_0019_0025_0025.jpg 1 11 19 25 25
0845_0030_0011_0064_0064.jpg 1 30 11 64 64
0846_0035_0025_0059_0059.jpg 1 35 25 59 59
0847_0024_0027_0063_0063.jpg 1 24 27 63 63
0848_0057_0026_0025_0025.jpg 1 57 26 25 25
0849_0013_0033_0053_0053.jpg 1 13 33 53 53
0850_0024_0060_0028_0028.jpg 1 24 60 28 28
0851_0007_0007_0041_0041.jpg 1 7 7 41 41
0852_0051_0038_0030_0030.jpg 1 51 38 30 30
0853_0024_0007_0060_0060.jpg 1 24 7 60 60
0854_0033_0031_0030_0030.jpg 1 33 31 30 30
0855_0007_0004_0065_0065.jpg 1 7 4 65 65
0856_0037_0018_0024_0024.jpg 1 37 18 24 24
0857_0017_0023_0057_0057.jpg 1 17 23 57 57
0858_0020_0014_0053_0053.jpg 1 20 14 53 53
0859_0016_0029_0050_0050.jpg 1 16 29 50 50
0860_0025_0014_0068_0068.jpg 1 25 14 68 68
0861_0027_0012_0068_0068.jpg 1 27 12 68 68
0862_0033_0056_0033_0033.jpg 1 33 56 33 33
0863_0019_0021_0068_0068.jpg 1 19 21 68 68
0864_0051_0009_0036_0036.jpg 1 51 9 36 36
0865_0034_0031_0032_0032.jpg 1 34 31 32 32
0866_0039_0025_0054_0054.jpg 1 39 25 54 54
0867_0006_0013_0065_0065.jpg 1 6 13 65 65
0868_0022_0056_0035_0035.jpg 1 22 56 35 35
0869_0036_0033_0054_0054.jpg 1 36 33 54 54
0870_0041_0022_0045_0045.jpg 1 41 22 45 45
0871_0042_0032_0038_0038.jpg 1 42 32 38 38
0872_0018_0021_0064_0064.jpg 1 18 21 64 64
0873_0056_0050_0035_0035.jpg 1 56 50 35 35
0874_0005_0006_0064_0064.jpg 1 5 6 64 64
0875_0051_0021_0027_0027.jpg 1 51 21 27 27
0876_0029_0058_0025_0025.jpg 1 29 58 25 25
0877_0041_0052_0033_0033.jpg 1 41 52 33 33
0878_0045_0047_0041_0041.jpg 1 45 47 41 41
0879_0006_0036_0052_0052.jpg 1 6 36 52 52
0880_0025_0020_0060_0060.jpg 1 25 20 60 60
0881_0047_0040_0039_0039.jpg 1 47 40 39 39
0882_0009_0037_0043_0043.jpg 1 9 37 43 43
0883_0032_0025_0064_0064.jpg 1 32 25 64 64
0884_0012_0020_0062_0062.jpg 1 12 20 62 62
0885_0014_0024_0061_0061.jpg 1 14 24 61 61
0886_0027_0022_0054_0054.jpg 1 27 22 54 54
0887_0026_0041_0028_0028.jpg 1 26 41 28 28
0888_0032_0006_0058_0058.jpg 1 32 6 58 58
0889_0040_0027_0047_0047.jpg 1 40 27 47 47
0890_0028_0022_0033_0033.jpg 1 28 22 33 33
0891_0040_0013_0043_0043.jpg 1 40 13 43 43
0892_0017_0035_0058_0058.jpg 1 17 35 58 58
0893_0057_0053_0028_0028.jpg 1 57 53 28 28
0894_0022_0031_0034_0034.jpg 1 22 31 34 34
0895_0058_0024_0034_0034.jpg 1 58 24 34 34
0896_0013_0030_0061_0061.jpg 1 13 30 61 61
0897_0009_0029_0029_0029.jpg 1 9 29 29 29
0898_0022_0006_0065_0065.jpg 1 22 6 65 65
0899_0037_0019_0024_0024.jpg 1 37 19 24 24
0900_0006_0018_0067_0067.jpg 1 6 18 67 67
0901_0017_0022_0034_0034.jpg 1 17 22 34 34
0902_0044_0055_0035_0035.jpg 1 44 55 35 35
0903_0017_0028_0061_0061.jpg 1 17 28 61 61
0904_0030_0056_0028_0028.jpg 1 30 56 28 28
0905_0049_0046_0031_0031.jpg 1 49 46 31 31
0906_0029_0042_0038_0038.jpg 1 29 42 38 38
0907_0016_0049_0045_0045.jpg 1 16 49 45 45
0908_0025_0018_0068_0068.jpg 1 25 18 68 68
0909_0015_0034_0050_0050.jpg 1 15 34 50 50
0910_0024_0043_0043_0043.jpg 1 24 43 43 43
0911_0029_0016_0039_0039.jpg 1 29 16 39 39
0912_0048_0043_0036_0036.jpg 1 48 43 36 36
0913_0011_0042_0043_0043.jpg 1 11 42 43 43
0914_0010_0022_0052_0052.jpg 1 10 22 52 52
0915_0010_0016_0062_0062.jpg 1 10 16 62 62
0916_0030_0037_0043_0043.jpg 1 30 37 43 43
0917_0020_0020_0065_0065.jpg 1 20 20 65 65
0918_0034_0028_0042_0042.jpg 1 34 28 42 42
0919_0049_0056_0032_0032.jpg 1 49 56 32 32
0920_0005_0019_0069_0069.jpg 1 5 19 69 69
0921_0031_0013_0047_0047.jpg 1 31 13 47 47
0922_0031_0022_0058_0058.jpg 1 31 22 58 58
0923_0014_0049_0036_0036.jpg 1 14 49 36 36
0924_0035_0012_0028_0028.jpg 1 35 12 28 28
0925_0027_0006_0064_0064.jpg 1 27 6 64 64
0926_0040_0025_0030_0030.jpg 1 40 25 30 30
0927_0006_0007_0067_0067.jpg 1 6 7 67 67
0928_0043_0028_0046_0046.jpg 1 43 28 46 46
0929_0018_0031_0055_0055.jpg 1 18 31 55 55
0930_0026_0043_0029_0029.jpg 1 26 43 29 29
0931_0052_0008_0030_0030.jpg 1 52 8 30 30
0932_0047_0015_0035_0035.jpg 1 47 15 35 35
0933_0033_0026_0052_0052.jpg 1 33 26 52 52
0934_0057_0063_0027_0027.jpg 1 57 63 27 27
0935_0020_0058_0030_0030.jpg 1 20 58 30 30
0936_0008_0060_0031_0031.jpg 1 8 60 31 31
0937_0029_0020_0030_0030.jpg 1 29 20 30 30
0938_0014_0030_0046_0046.jpg 1 14 30 46 46
0939_0018_0041_0049_0049.jpg 1 18 41 49 49
0940_0011_0032_0055_0055.jpg 1 11 32 55 55
0941_0014_0041_0052_0052.jpg 1 14 41 52 52
0942_0017_0016_0037_0037.jpg 1 17 16 37 37
0943_0006_0056_0037_0037.jpg 1 6 56 37 37
0944_0024_0012_0063_0063.jpg 1 24 12 63 63
0945_0030_0039_0044_0044.jpg 1 30 39 44 44
0946_0010_0008_0044_0044.jpg 1 10 8 44 44
0947_0038_0053_0031_0031.jpg 1 38 53 31 31
0948_0010_0021_0052_0052.jpg 1 10 21 52 52
0949_0034_0013_0035_0035.jpg 1 34 13 35 35
0950_0036_0034_0054_0054.jpg 1 36 34 54 54
0951_0034_0030_0061_0061.jpg 1 34 30 61 61
0952_0031_0040_0027_0027.jpg 1 31 40 27 27
0953_0016_0035_0050_0050.jpg 1 16 35 50 50
0954_0036_0022_0037_0037.jpg 1 36 22 37 37
0955_0015_0017_0050_0050.jpg 1 15 17 50 50
0956_0047_0024_0044_0044.jpg 1 47 24 44 44
0957_0022_0034_0060_0060.jpg 1 22 34 60 60
0958_0012_0003_0067_0067.jpg 1 12 3 67 67
0959_0016_0025_0058_0058.jpg 1 16 25 58 58
0960_0030_0048_0037_0037.jpg 1 30 48 37 37
0961_0031_0019_0049_0049.jpg 1 31 19 49 49
0962_0017_0029_0066_0066.jpg 1 17 29 66 66
0963_0011_0047_0034_0034.jpg 1 11 47 34 34
0964_0005_0006_0051_0051.jpg 1 5 6 51 51
0965_0026_0016_0060_0060.jpg 1 26 16 60 60
0966_0060_0049_0032_0032.jpg 1 60 49 32 32
0967_0025_0009_0069_0069.jpg 1 25 9 69 69
0968_0053_0025_0030_0030.jpg 1 53 25 30 30
0969_0027_0049_0036_0036.jpg 1 27 49 36 36
0970_0043_0061_0024_0024.jpg 1 43 61 24 24
0971_0007_0032_0064_0064.jpg 1 7 32 64 64
0972_0010_0008_0045_0045.jpg 1 10 8 45 45
0973_0020_0006_0041_0041.jpg 1 20 6 41 41
0974_0041_0029_0024_0024.jpg 1 41 29 24 24
0975_0028_0023_0057_0057.jpg 1 28 23 57 57
0976_0030_0037_0051_0051.jpg 1 30 37 51 51
0977_0033_0034_0056_0056.jpg 1 33 34 56 56
0978_0012_0045_0026_0026.jpg 1 12 45 26 26
0979_0007_0020_0034_0034.jpg 1 7 20 34 34
0980_0022_0013_0045_0045.jpg 1 22 13 45 45
0981_0022_0024_0054_0054.jpg 1 22 24 54 54
0982_0022_0006_0064_0064.jpg 1 22 6 64 64
0983_0016_0029_0063_0063.jpg 1 16 29 63 63
0984_0023_0022_0034_0034.jpg 1 23 22 34 34
0985_0043_0059_0033_0033.jpg 1 43 59 33 33
0986_0030_0023_0039_0039.jpg 1 30 23 39 39
0987_0066_0024_0024_0024.jpg 1 66 24 24 24
0988_0034_0011_0046_0046.jpg 1 34 11 46 46
0989_0047_0033_0041_0041.jpg 1 47 33 41 41
0990_0027_0043_0025_0025.jpg 1 27 43 25 25
0991_0025_0005_0066_0066.jpg 1 25 5 66 66
0992_0049_0048_0043_0043.jpg 1 49 48 43 43
0993_0003_0017_0065_0065.jpg 1 3 17 65 65
0994_0012_0016_0066_0066.jpg 1 12 16 66 66
0995_0017_0028_0049_0049.jpg 1 17 28 49 49
0996_0014_0010_0053_0053.jpg 1 14 10 53 53
0997_0035_0009_0060_0060.jpg 1 35 9 60 60
0998_0031_0023_0025_0025.jpg 1 31 23 25 25
0999_0028_0040_0054_0054.jpg 1 28 40 54 54
1000_0016_0034_0029_0029.jpg 1 16 34 29 29
1001_0026_0016_0028_0028.jpg 1 26 16 28 28
1002_0050_0010_0035_0035.jpg 1 50 10 35 35
1003_0033_0011_0025_0025.jpg 1 33 11 25 25
1004_0019_0021_0050_0050.jpg 1 19 21 50 50
1005_0012_0028_0035_0035.jpg 1 12 28 35 35
1006_0021_0020_0069_0069.jpg 1 21 20 69 69
1007_0019_0041_0035_0035.jpg 1 19 41 35 35
1008_0035_0010_0051_0051.jpg 1 35 10 51 51
1009_0048_0010_0040_0040.jpg 1 48 10 40 40
1010_0034_0030_0048_0048.jpg 1 34 30 48 48
1011_0035_0020_0057_0057.jpg 1 35 20 57 57
1012_0012_0024_0069_0069.jpg 1 12 24 69 69
1013_0033_0014_0062_0062.jpg 1 33 14 62 62
1014_0030_0034_0045_0045.jpg 1 30 34 45 45
1015_0013_0013_0053_0053.jpg 1 13 13 53 53
1016_0037_0007_0056_0056.jpg 1 37 7 56 56
1017_0040_0015_0033_0033.jpg 1 40 15 33 33
1018_0018_0025_0054_0054.jpg 1 18 25 54 54
1019_0050_0014_0042_0042.jpg 1 50 14 42 42
1020_0005_0016_0066_0066.jpg 1 5 16 66 66
1021_0027_0033_0033_0033.jpg 1 27 33 33 33
1022_0037_0021_0055_0055.jpg 1 37 21 55 55
1023_0015_0003_0066_0066.jpg 1 15 3 66 66
1024_0011_0026_0043_0043.jpg 1 11 26 43 43
1025_0031_0014_0035_0035.jpg 1 31 14 35 35
1026_0024_0031_0061_0061.jpg 1 24 31 61 61
1027_0012_0025_0052_0052.jpg 1 12 25 52 52
1028_0030_0006_0055_0055.jpg 1 30 6 55 55
1029_0016_0018_0024_0024.jpg 1 16 18 24 24
1030_0025_0026_0042_0042.jpg 1 25 26 42 42
1031_0011_0047_0045_0045.jpg 1 11 47 45 45
1032_0033_0030_0051_0051.jpg 1 33 30 51 51
1033_0006_0023_0069_0069.jpg 1 6 23 69 69
1034_0037_0022_0037_0037.jpg 1 37 22 37 37
1035_0047_0019_0028_0028.jpg 1 47 19 28 28
1036_0011_0010_0056_0056.jpg 1 11 10 56 56
1037_0009_0044_0049_0049.jpg 1 9 44 49 49
1038_0004_0027_0059_0059.jpg 1 4 27 59 59
1039_0030_0018_0064_0064.jpg 1 30 18 64 64
1040_0013_0011_0053_0053.jpg 1 13 11 53 53
1041_0006_0044_0033_0033.jpg 1 6 44 33 33
1042_0012_0008_0069_0069.jpg 1 12 8 69 69
1043_0024_0016_0045_0045.jpg 1 24 16 45 45
1044_0062_0050_0029_0029.jpg 1 62 50 29 29
1045_0020_0048_0046_0046.jpg 1 20 48 46 46
1046_0012_0037_0045_0045.jpg 1 12 37 45 45
1047_0013_0019_0052_0052.jpg 1 13 19 52 52
1048_0008_0026_0066_0066.jpg 1 8 26 66 66
1049_0034_0036_0025_0025.jpg 1 34 36 25 25
1050_0019_0005_0068_0068.jpg 1 19 5 68 68
1051_0010_0006_0058_0058.jpg 1 10 6 58 58
1052_0015_0026_0066_0066.jpg 1 15 26 66 66
1053_0046_0015_0048_0048.jpg 1 46 15 48 48
1054_0049_0047_0041_0041.jpg 1 49 47 41 41
1055_0031_0040_0026_0026.jpg 1 31 40 26 26
1056_0046_0019_0039_0039.jpg 1 46 19 39 39
1057_0011_0026_0035_0035.jpg 1 11 26 35 35
1058_0050_0017_0037_0037.jpg 1 50 17 37 37
1059_0011_0024_0063_0063.jpg 1 11 24 63 63
1060_0036_0021_0056_0056.jpg 1 36 21 56 56
1061_0024_0026_0062_0062.jpg 1 24 26 62 62
1062_0009_0036_0059_0059.jpg 1 9 36 59 59
1063_0033_0023_0056_0056.jpg 1 33 23 56 56
1064_0006_0021_0063_0063.jpg 1 6 21 63 63
1065_0017_0028_0056_0056.jpg 1 17 28 56 56
1066_0043_0031_0030_0030.jpg 1 43 31 30 30
1067_0041_0006_0042_0042.jpg 1 41 6 42 42
1068_0006_0005_0061_0061.jpg 1 6 5 61 61
1069_0014_0018_0043_0043.jpg 1 14 18 43 43
1070_0026_0021_0031_0031.jpg 1 26 21 31 31
1071_0007_0013_0033_0033.jpg 1 7 13 33 33
1072_0003_0015_0069_0069.jpg 1 3 15 69 69
1073_0037_0052_0038_0038.jpg 1 37 52 38 38
1074_0026_0020_0066_0066.jpg 1 26 20 66 66
1075_0036_0027_0038_0038.jpg 1 36 27 38 38
1076_0012_0045_0047_0047.jpg 1 12 45 47 47
1077_0060_0059_0028_0028.jpg 1 60 59 28 28
1078_0015_0016_0045_0045.jpg 1 15 16 45 45
1079_0014_0032_0047_0047.jpg 1 14 32 47 47
1080_0018_0025_0040_0040.jpg 1 18 25 40 40
1081_0006_0028_0056_0056.jpg 1 6 28 56 56
1082_0026_0026_0031_0031.jpg 1 26 26 31 31
1083_0019_0016_0062_0062.jpg 1 19 16 62 62
1084_0019_0027_0063_0063.jpg 1 19 27 63 63
1085_0031_0014_0055_0055.jpg 1 31 14 55 55
1086_0013_0010_0048_0048.jpg 1 13 10 48 48
1087_0015_0018_0063_0063.jpg 1 15 18 63 63
1088_0006_0033_0059_0059.jpg 1 6 33 59 59
1089_0020_0023_0062_0062.jpg 1 20 23 62 62
1090_0027_0008_0055_0055.jpg 1 27 8 55 55
